<?xml version="1.0" encoding="UTF-8"?>
<testsuite name="HomePage" tests="1" skipped="0" failures="0" errors="0" timestamp="2025-08-29T08:51:00" hostname="iras-Laptop" time="3.878">
  <properties/>
  <testcase name="Verify Home Page title is displayed" classname="HomePage" time="3.878"/>
  <system-out><![CDATA[
@navigate
?[1mScenario:?[22m Verify Home Page title is displayed       ?[90m# file:///Users/baker/QA/QA63_FirstCucumberProject/src/test/resources/features/navigate.feature:4?[39m
  ?[32m✔?[39m ?[32m?[1mGiven ?[22mUser launches Chrome browser?[39m              ?[90m# com.ilcarro.stepDefinitions.HomePageSteps.launch_Chrome_browser()?[39m
  ?[32m✔?[39m ?[32m?[1mWhen ?[22mUser opens ilcarro Home Page?[39m               ?[90m# com.ilcarro.stepDefinitions.HomePageSteps.open_HomePage()?[39m
  ?[32m✔?[39m ?[32m?[1mThen ?[22mUser verifies Home Page title is displayed?[39m ?[90m# com.ilcarro.stepDefinitions.HomePageSteps.verify_HomePage_title()?[39m
  ?[32m✔?[39m ?[32m?[1mAnd ?[22mUser quites browser?[39m                         ?[90m# com.ilcarro.stepDefinitions.HomePageSteps.quit_browser()?[39m
]]></system-out>
  <system-err><![CDATA[]]></system-err>
</testsuite>
